[1.059s] DEBUG:colcon:Command line arguments: ['/usr/bin/colcon', 'build', '--symlink-install']
[1.059s] DEBUG:colcon:Parsed command line arguments: Namespace(log_base=None, log_level=None, verb_name='build', build_base='build', install_base='install', merge_install=False, symlink_install=True, test_result_base=None, continue_on_error=False, executor='parallel', parallel_workers=4, event_handlers=None, ignore_user_meta=False, metas=['./colcon.meta'], base_paths=['.'], packages_ignore=None, packages_ignore_regex=None, paths=None, packages_up_to=None, packages_up_to_regex=None, packages_above=None, packages_above_and_dependencies=None, packages_above_depth=None, packages_select_by_dep=None, packages_skip_by_dep=None, packages_skip_up_to=None, packages_select_build_failed=False, packages_skip_build_finished=False, packages_select_test_failures=False, packages_skip_test_passed=False, packages_select=None, packages_skip=None, packages_select_regex=None, packages_skip_regex=None, packages_start=None, packages_end=None, allow_overriding=[], cmake_args=None, cmake_target=None, cmake_target_skip_unavailable=False, cmake_clean_cache=False, cmake_clean_first=False, cmake_force_configure=False, ament_cmake_args=None, catkin_cmake_args=None, catkin_skip_building_tests=False, verb_parser=<colcon_defaults.argument_parser.defaults.DefaultArgumentsDecorator object at 0xffffbbb9c0d0>, verb_extension=<colcon_core.verb.build.BuildVerb object at 0xffffbbcb5420>, main=<bound method BuildVerb.main of <colcon_core.verb.build.BuildVerb object at 0xffffbbcb5420>>)
[2.221s] Level 1:colcon.colcon_core.package_discovery:discover_packages(colcon_meta) check parameters
[2.221s] Level 1:colcon.colcon_core.package_discovery:discover_packages(recursive) check parameters
[2.222s] Level 1:colcon.colcon_core.package_discovery:discover_packages(ignore) check parameters
[2.222s] Level 1:colcon.colcon_core.package_discovery:discover_packages(path) check parameters
[2.222s] Level 1:colcon.colcon_core.package_discovery:discover_packages(colcon_meta) discover
[2.222s] Level 1:colcon.colcon_core.package_discovery:discover_packages(recursive) discover
[2.223s] INFO:colcon.colcon_core.package_discovery:Crawling recursively for packages in '/home/pi/ros2_ws'
[2.224s] Level 1:colcon.colcon_core.package_identification:_identify(.) by extensions ['ignore', 'ignore_ament_install']
[2.225s] Level 1:colcon.colcon_core.package_identification:_identify(.) by extension 'ignore'
[2.225s] Level 1:colcon.colcon_core.package_identification:_identify(.) by extension 'ignore_ament_install'
[2.226s] Level 1:colcon.colcon_core.package_identification:_identify(.) by extensions ['colcon_pkg']
[2.226s] Level 1:colcon.colcon_core.package_identification:_identify(.) by extension 'colcon_pkg'
[2.226s] Level 1:colcon.colcon_core.package_identification:_identify(.) by extensions ['colcon_meta']
[2.227s] Level 1:colcon.colcon_core.package_identification:_identify(.) by extension 'colcon_meta'
[2.227s] Level 1:colcon.colcon_core.package_identification:_identify(.) by extensions ['ros']
[2.227s] Level 1:colcon.colcon_core.package_identification:_identify(.) by extension 'ros'
[2.309s] Level 1:colcon.colcon_core.package_identification:_identify(.) by extensions ['cmake', 'python']
[2.309s] Level 1:colcon.colcon_core.package_identification:_identify(.) by extension 'cmake'
[2.310s] Level 1:colcon.colcon_core.package_identification:_identify(.) by extension 'python'
[2.310s] Level 1:colcon.colcon_core.package_identification:_identify(.) by extensions ['python_setup_py']
[2.310s] Level 1:colcon.colcon_core.package_identification:_identify(.) by extension 'python_setup_py'
[2.311s] Level 1:colcon.colcon_core.package_identification:_identify(build) by extensions ['ignore', 'ignore_ament_install']
[2.311s] Level 1:colcon.colcon_core.package_identification:_identify(build) by extension 'ignore'
[2.312s] Level 1:colcon.colcon_core.package_identification:_identify(build) ignored
[2.313s] Level 1:colcon.colcon_core.package_identification:_identify(install) by extensions ['ignore', 'ignore_ament_install']
[2.313s] Level 1:colcon.colcon_core.package_identification:_identify(install) by extension 'ignore'
[2.314s] Level 1:colcon.colcon_core.package_identification:_identify(install) ignored
[2.314s] Level 1:colcon.colcon_core.package_identification:_identify(log) by extensions ['ignore', 'ignore_ament_install']
[2.315s] Level 1:colcon.colcon_core.package_identification:_identify(log) by extension 'ignore'
[2.315s] Level 1:colcon.colcon_core.package_identification:_identify(log) ignored
[2.316s] Level 1:colcon.colcon_core.package_identification:_identify(src) by extensions ['ignore', 'ignore_ament_install']
[2.316s] Level 1:colcon.colcon_core.package_identification:_identify(src) by extension 'ignore'
[2.316s] Level 1:colcon.colcon_core.package_identification:_identify(src) by extension 'ignore_ament_install'
[2.317s] Level 1:colcon.colcon_core.package_identification:_identify(src) by extensions ['colcon_pkg']
[2.317s] Level 1:colcon.colcon_core.package_identification:_identify(src) by extension 'colcon_pkg'
[2.317s] Level 1:colcon.colcon_core.package_identification:_identify(src) by extensions ['colcon_meta']
[2.318s] Level 1:colcon.colcon_core.package_identification:_identify(src) by extension 'colcon_meta'
[2.318s] Level 1:colcon.colcon_core.package_identification:_identify(src) by extensions ['ros']
[2.318s] Level 1:colcon.colcon_core.package_identification:_identify(src) by extension 'ros'
[2.319s] Level 1:colcon.colcon_core.package_identification:_identify(src) by extensions ['cmake', 'python']
[2.319s] Level 1:colcon.colcon_core.package_identification:_identify(src) by extension 'cmake'
[2.319s] Level 1:colcon.colcon_core.package_identification:_identify(src) by extension 'python'
[2.319s] Level 1:colcon.colcon_core.package_identification:_identify(src) by extensions ['python_setup_py']
[2.320s] Level 1:colcon.colcon_core.package_identification:_identify(src) by extension 'python_setup_py'
[2.320s] Level 1:colcon.colcon_core.package_identification:_identify(src/kinect_integration) by extensions ['ignore', 'ignore_ament_install']
[2.321s] Level 1:colcon.colcon_core.package_identification:_identify(src/kinect_integration) by extension 'ignore'
[2.321s] Level 1:colcon.colcon_core.package_identification:_identify(src/kinect_integration) by extension 'ignore_ament_install'
[2.322s] Level 1:colcon.colcon_core.package_identification:_identify(src/kinect_integration) by extensions ['colcon_pkg']
[2.322s] Level 1:colcon.colcon_core.package_identification:_identify(src/kinect_integration) by extension 'colcon_pkg'
[2.322s] Level 1:colcon.colcon_core.package_identification:_identify(src/kinect_integration) by extensions ['colcon_meta']
[2.322s] Level 1:colcon.colcon_core.package_identification:_identify(src/kinect_integration) by extension 'colcon_meta'
[2.323s] Level 1:colcon.colcon_core.package_identification:_identify(src/kinect_integration) by extensions ['ros']
[2.323s] Level 1:colcon.colcon_core.package_identification:_identify(src/kinect_integration) by extension 'ros'
[2.337s] DEBUG:colcon.colcon_core.package_identification:Package 'src/kinect_integration' with type 'ros.ament_python' and name 'kinect_integration'
[2.338s] Level 1:colcon.colcon_core.package_discovery:discover_packages(recursive) using defaults
[2.338s] Level 1:colcon.colcon_core.package_discovery:discover_packages(ignore) discover
[2.338s] Level 1:colcon.colcon_core.package_discovery:discover_packages(ignore) using defaults
[2.339s] Level 1:colcon.colcon_core.package_discovery:discover_packages(path) discover
[2.339s] Level 1:colcon.colcon_core.package_discovery:discover_packages(path) using defaults
[2.443s] Level 1:colcon.colcon_core.package_discovery:discover_packages(prefix_path) check parameters
[2.443s] Level 1:colcon.colcon_core.package_discovery:discover_packages(prefix_path) discover
[2.462s] DEBUG:colcon.colcon_installed_package_information.package_discovery:Found 1 installed packages in /home/pi/ros2_ws/install
[2.467s] DEBUG:colcon.colcon_installed_package_information.package_discovery:Found 1 installed packages in /home/pi/ros2_kinect_ws/install
[2.483s] DEBUG:colcon.colcon_installed_package_information.package_discovery:Found 276 installed packages in /opt/ros/humble
[2.490s] Level 1:colcon.colcon_core.package_discovery:discover_packages(prefix_path) using defaults
[2.915s] Level 5:colcon.colcon_core.verb:set package 'kinect_integration' build argument 'cmake_args' from command line to 'None'
[2.915s] Level 5:colcon.colcon_core.verb:set package 'kinect_integration' build argument 'cmake_target' from command line to 'None'
[2.916s] Level 5:colcon.colcon_core.verb:set package 'kinect_integration' build argument 'cmake_target_skip_unavailable' from command line to 'False'
[2.916s] Level 5:colcon.colcon_core.verb:set package 'kinect_integration' build argument 'cmake_clean_cache' from command line to 'False'
[2.916s] Level 5:colcon.colcon_core.verb:set package 'kinect_integration' build argument 'cmake_clean_first' from command line to 'False'
[2.916s] Level 5:colcon.colcon_core.verb:set package 'kinect_integration' build argument 'cmake_force_configure' from command line to 'False'
[2.916s] Level 5:colcon.colcon_core.verb:set package 'kinect_integration' build argument 'ament_cmake_args' from command line to 'None'
[2.916s] Level 5:colcon.colcon_core.verb:set package 'kinect_integration' build argument 'catkin_cmake_args' from command line to 'None'
[2.916s] Level 5:colcon.colcon_core.verb:set package 'kinect_integration' build argument 'catkin_skip_building_tests' from command line to 'False'
[2.916s] DEBUG:colcon.colcon_core.verb:Building package 'kinect_integration' with the following arguments: {'ament_cmake_args': None, 'build_base': '/home/pi/ros2_ws/build/kinect_integration', 'catkin_cmake_args': None, 'catkin_skip_building_tests': False, 'cmake_args': None, 'cmake_clean_cache': False, 'cmake_clean_first': False, 'cmake_force_configure': False, 'cmake_target': None, 'cmake_target_skip_unavailable': False, 'install_base': '/home/pi/ros2_ws/install/kinect_integration', 'merge_install': False, 'path': '/home/pi/ros2_ws/src/kinect_integration', 'symlink_install': True, 'test_result_base': None}
[2.917s] INFO:colcon.colcon_core.executor:Executing jobs using 'parallel' executor
[2.920s] DEBUG:colcon.colcon_parallel_executor.executor.parallel:run_until_complete
[2.921s] INFO:colcon.colcon_ros.task.ament_python.build:Building ROS package in '/home/pi/ros2_ws/src/kinect_integration' with build type 'ament_python'
[2.922s] Level 1:colcon.colcon_core.shell:create_environment_hook('kinect_integration', 'ament_prefix_path')
[2.944s] INFO:colcon.colcon_core.plugin_system:Skipping extension 'colcon_core.shell.bat': Not used on non-Windows systems
[2.945s] INFO:colcon.colcon_core.shell:Creating environment hook '/home/pi/ros2_ws/install/kinect_integration/share/kinect_integration/hook/ament_prefix_path.ps1'
[2.951s] INFO:colcon.colcon_core.shell:Creating environment descriptor '/home/pi/ros2_ws/install/kinect_integration/share/kinect_integration/hook/ament_prefix_path.dsv'
[2.955s] INFO:colcon.colcon_core.shell:Creating environment hook '/home/pi/ros2_ws/install/kinect_integration/share/kinect_integration/hook/ament_prefix_path.sh'
[2.960s] INFO:colcon.colcon_core.shell:Skip shell extension 'powershell' for command environment: Not usable outside of PowerShell
[2.960s] DEBUG:colcon.colcon_core.shell:Skip shell extension 'dsv' for command environment
[4.218s] INFO:colcon.colcon_core.task.python.build:Building Python package in '/home/pi/ros2_ws/src/kinect_integration'
[4.219s] INFO:colcon.colcon_core.shell:Skip shell extension 'powershell' for command environment: Not usable outside of PowerShell
[4.219s] DEBUG:colcon.colcon_core.shell:Skip shell extension 'dsv' for command environment
[6.049s] DEBUG:colcon.colcon_core.event_handler.log_command:Invoking command in '/home/pi/ros2_ws/build/kinect_integration': PYTHONPATH=/home/pi/ros2_ws/build/kinect_integration/prefix_override:/usr/lib/python3/dist-packages/colcon_core/task/python/colcon_distutils_commands:/home/pi/ros2_ws/install/kinect_integration/lib/python3.10/site-packages:${PYTHONPATH} /usr/bin/python3 -W ignore:setup.py install is deprecated -W ignore:easy_install command is deprecated setup.py develop --editable --build-directory /home/pi/ros2_ws/build/kinect_integration/build --no-deps symlink_data
[8.158s] Level 1:colcon.colcon_core.shell:create_environment_hook('kinect_integration', 'pythonpath_develop')
[8.159s] INFO:colcon.colcon_core.shell:Creating environment hook '/home/pi/ros2_ws/build/kinect_integration/share/kinect_integration/hook/pythonpath_develop.ps1'
[8.161s] DEBUG:colcon.colcon_core.event_handler.log_command:Invoked command in '/home/pi/ros2_ws/build/kinect_integration' returned '0': PYTHONPATH=/home/pi/ros2_ws/build/kinect_integration/prefix_override:/usr/lib/python3/dist-packages/colcon_core/task/python/colcon_distutils_commands:/home/pi/ros2_ws/install/kinect_integration/lib/python3.10/site-packages:${PYTHONPATH} /usr/bin/python3 -W ignore:setup.py install is deprecated -W ignore:easy_install command is deprecated setup.py develop --editable --build-directory /home/pi/ros2_ws/build/kinect_integration/build --no-deps symlink_data
[8.165s] INFO:colcon.colcon_core.shell:Creating environment descriptor '/home/pi/ros2_ws/build/kinect_integration/share/kinect_integration/hook/pythonpath_develop.dsv'
[8.167s] INFO:colcon.colcon_core.shell:Creating environment hook '/home/pi/ros2_ws/build/kinect_integration/share/kinect_integration/hook/pythonpath_develop.sh'
[8.194s] Level 1:colcon.colcon_core.environment:checking '/home/pi/ros2_ws/install/kinect_integration' for CMake module files
[8.197s] Level 1:colcon.colcon_core.environment:checking '/home/pi/ros2_ws/install/kinect_integration' for CMake config files
[8.202s] Level 1:colcon.colcon_core.environment:checking '/home/pi/ros2_ws/install/kinect_integration/lib'
[8.203s] Level 1:colcon.colcon_core.environment:checking '/home/pi/ros2_ws/install/kinect_integration/bin'
[8.204s] Level 1:colcon.colcon_core.environment:checking '/home/pi/ros2_ws/install/kinect_integration/lib/pkgconfig/kinect_integration.pc'
[8.205s] Level 1:colcon.colcon_core.environment:checking '/home/pi/ros2_ws/install/kinect_integration/lib/python3.10/site-packages'
[8.205s] Level 1:colcon.colcon_core.shell:create_environment_hook('kinect_integration', 'pythonpath')
[8.206s] INFO:colcon.colcon_core.shell:Creating environment hook '/home/pi/ros2_ws/install/kinect_integration/share/kinect_integration/hook/pythonpath.ps1'
[8.208s] INFO:colcon.colcon_core.shell:Creating environment descriptor '/home/pi/ros2_ws/install/kinect_integration/share/kinect_integration/hook/pythonpath.dsv'
[8.210s] INFO:colcon.colcon_core.shell:Creating environment hook '/home/pi/ros2_ws/install/kinect_integration/share/kinect_integration/hook/pythonpath.sh'
[8.213s] Level 1:colcon.colcon_core.environment:checking '/home/pi/ros2_ws/install/kinect_integration/bin'
[8.213s] Level 1:colcon.colcon_core.environment:create_environment_scripts_only(kinect_integration)
[8.215s] INFO:colcon.colcon_core.shell:Creating package script '/home/pi/ros2_ws/install/kinect_integration/share/kinect_integration/package.ps1'
[8.219s] INFO:colcon.colcon_core.shell:Creating package descriptor '/home/pi/ros2_ws/install/kinect_integration/share/kinect_integration/package.dsv'
[8.223s] INFO:colcon.colcon_core.shell:Creating package script '/home/pi/ros2_ws/install/kinect_integration/share/kinect_integration/package.sh'
[8.228s] INFO:colcon.colcon_core.shell:Creating package script '/home/pi/ros2_ws/install/kinect_integration/share/kinect_integration/package.bash'
[8.233s] INFO:colcon.colcon_core.shell:Creating package script '/home/pi/ros2_ws/install/kinect_integration/share/kinect_integration/package.zsh'
[8.239s] Level 1:colcon.colcon_core.environment:create_file_with_runtime_dependencies(/home/pi/ros2_ws/install/kinect_integration/share/colcon-core/packages/kinect_integration)
[8.241s] DEBUG:colcon.colcon_parallel_executor.executor.parallel:closing loop
[8.242s] DEBUG:colcon.colcon_parallel_executor.executor.parallel:loop closed
[8.242s] DEBUG:colcon.colcon_parallel_executor.executor.parallel:run_until_complete finished with '0'
[8.242s] DEBUG:colcon.colcon_core.event_reactor:joining thread
[8.288s] INFO:colcon.colcon_core.plugin_system:Skipping extension 'colcon_notification.desktop_notification.terminal_notifier': Not used on non-Darwin systems
[8.289s] INFO:colcon.colcon_core.plugin_system:Skipping extension 'colcon_notification.desktop_notification.win32': Not used on non-Windows systems
[8.289s] INFO:colcon.colcon_notification.desktop_notification:Sending desktop notification using 'notify2'
[8.917s] DEBUG:colcon.colcon_core.event_reactor:joined thread
[8.919s] INFO:colcon.colcon_core.shell:Creating prefix script '/home/pi/ros2_ws/install/local_setup.ps1'
[8.925s] INFO:colcon.colcon_core.shell:Creating prefix util module '/home/pi/ros2_ws/install/_local_setup_util_ps1.py'
[8.935s] INFO:colcon.colcon_core.shell:Creating prefix chain script '/home/pi/ros2_ws/install/setup.ps1'
[8.942s] INFO:colcon.colcon_core.shell:Creating prefix script '/home/pi/ros2_ws/install/local_setup.sh'
[8.946s] INFO:colcon.colcon_core.shell:Creating prefix util module '/home/pi/ros2_ws/install/_local_setup_util_sh.py'
[8.949s] INFO:colcon.colcon_core.shell:Creating prefix chain script '/home/pi/ros2_ws/install/setup.sh'
[8.958s] INFO:colcon.colcon_core.shell:Creating prefix script '/home/pi/ros2_ws/install/local_setup.bash'
[8.964s] INFO:colcon.colcon_core.shell:Creating prefix chain script '/home/pi/ros2_ws/install/setup.bash'
[8.971s] INFO:colcon.colcon_core.shell:Creating prefix script '/home/pi/ros2_ws/install/local_setup.zsh'
[8.976s] INFO:colcon.colcon_core.shell:Creating prefix chain script '/home/pi/ros2_ws/install/setup.zsh'
