[4.790s] DEBUG:colcon:Command line arguments: ['/usr/bin/colcon', 'build', '--symlink-install']
[4.790s] DEBUG:colcon:Parsed command line arguments: Namespace(log_base=None, log_level=None, verb_name='build', build_base='build', install_base='install', merge_install=False, symlink_install=True, test_result_base=None, continue_on_error=False, executor='parallel', parallel_workers=4, event_handlers=None, ignore_user_meta=False, metas=['./colcon.meta'], base_paths=['.'], packages_ignore=None, packages_ignore_regex=None, paths=None, packages_up_to=None, packages_up_to_regex=None, packages_above=None, packages_above_and_dependencies=None, packages_above_depth=None, packages_select_by_dep=None, packages_skip_by_dep=None, packages_skip_up_to=None, packages_select_build_failed=False, packages_skip_build_finished=False, packages_select_test_failures=False, packages_skip_test_passed=False, packages_select=None, packages_skip=None, packages_select_regex=None, packages_skip_regex=None, packages_start=None, packages_end=None, allow_overriding=[], cmake_args=None, cmake_target=None, cmake_target_skip_unavailable=False, cmake_clean_cache=False, cmake_clean_first=False, cmake_force_configure=False, ament_cmake_args=None, catkin_cmake_args=None, catkin_skip_building_tests=False, verb_parser=<colcon_defaults.argument_parser.defaults.DefaultArgumentsDecorator object at 0xffff9129c0d0>, verb_extension=<colcon_core.verb.build.BuildVerb object at 0xffff913b5420>, main=<bound method BuildVerb.main of <colcon_core.verb.build.BuildVerb object at 0xffff913b5420>>)
[7.606s] Level 1:colcon.colcon_core.package_discovery:discover_packages(colcon_meta) check parameters
[7.606s] Level 1:colcon.colcon_core.package_discovery:discover_packages(recursive) check parameters
[7.626s] Level 1:colcon.colcon_core.package_discovery:discover_packages(ignore) check parameters
[7.626s] Level 1:colcon.colcon_core.package_discovery:discover_packages(path) check parameters
[7.627s] Level 1:colcon.colcon_core.package_discovery:discover_packages(colcon_meta) discover
[7.627s] Level 1:colcon.colcon_core.package_discovery:discover_packages(recursive) discover
[7.628s] INFO:colcon.colcon_core.package_discovery:Crawling recursively for packages in '/home/pi/ros2_ws'
[7.630s] Level 1:colcon.colcon_core.package_identification:_identify(.) by extensions ['ignore', 'ignore_ament_install']
[7.631s] Level 1:colcon.colcon_core.package_identification:_identify(.) by extension 'ignore'
[7.632s] Level 1:colcon.colcon_core.package_identification:_identify(.) by extension 'ignore_ament_install'
[7.632s] Level 1:colcon.colcon_core.package_identification:_identify(.) by extensions ['colcon_pkg']
[7.633s] Level 1:colcon.colcon_core.package_identification:_identify(.) by extension 'colcon_pkg'
[7.633s] Level 1:colcon.colcon_core.package_identification:_identify(.) by extensions ['colcon_meta']
[7.634s] Level 1:colcon.colcon_core.package_identification:_identify(.) by extension 'colcon_meta'
[7.634s] Level 1:colcon.colcon_core.package_identification:_identify(.) by extensions ['ros']
[7.634s] Level 1:colcon.colcon_core.package_identification:_identify(.) by extension 'ros'
[7.715s] Level 1:colcon.colcon_core.package_identification:_identify(.) by extensions ['cmake', 'python']
[7.715s] Level 1:colcon.colcon_core.package_identification:_identify(.) by extension 'cmake'
[7.716s] Level 1:colcon.colcon_core.package_identification:_identify(.) by extension 'python'
[7.716s] Level 1:colcon.colcon_core.package_identification:_identify(.) by extensions ['python_setup_py']
[7.716s] Level 1:colcon.colcon_core.package_identification:_identify(.) by extension 'python_setup_py'
[7.716s] Level 1:colcon.colcon_core.package_identification:_identify(build) by extensions ['ignore', 'ignore_ament_install']
[7.717s] Level 1:colcon.colcon_core.package_identification:_identify(build) by extension 'ignore'
[7.717s] Level 1:colcon.colcon_core.package_identification:_identify(build) ignored
[7.718s] Level 1:colcon.colcon_core.package_identification:_identify(install) by extensions ['ignore', 'ignore_ament_install']
[7.718s] Level 1:colcon.colcon_core.package_identification:_identify(install) by extension 'ignore'
[7.718s] Level 1:colcon.colcon_core.package_identification:_identify(install) ignored
[7.719s] Level 1:colcon.colcon_core.package_identification:_identify(log) by extensions ['ignore', 'ignore_ament_install']
[7.719s] Level 1:colcon.colcon_core.package_identification:_identify(log) by extension 'ignore'
[7.719s] Level 1:colcon.colcon_core.package_identification:_identify(log) ignored
[7.720s] Level 1:colcon.colcon_core.package_identification:_identify(src) by extensions ['ignore', 'ignore_ament_install']
[7.720s] Level 1:colcon.colcon_core.package_identification:_identify(src) by extension 'ignore'
[7.720s] Level 1:colcon.colcon_core.package_identification:_identify(src) by extension 'ignore_ament_install'
[7.720s] Level 1:colcon.colcon_core.package_identification:_identify(src) by extensions ['colcon_pkg']
[7.721s] Level 1:colcon.colcon_core.package_identification:_identify(src) by extension 'colcon_pkg'
[7.721s] Level 1:colcon.colcon_core.package_identification:_identify(src) by extensions ['colcon_meta']
[7.721s] Level 1:colcon.colcon_core.package_identification:_identify(src) by extension 'colcon_meta'
[7.721s] Level 1:colcon.colcon_core.package_identification:_identify(src) by extensions ['ros']
[7.721s] Level 1:colcon.colcon_core.package_identification:_identify(src) by extension 'ros'
[7.722s] Level 1:colcon.colcon_core.package_identification:_identify(src) by extensions ['cmake', 'python']
[7.722s] Level 1:colcon.colcon_core.package_identification:_identify(src) by extension 'cmake'
[7.722s] Level 1:colcon.colcon_core.package_identification:_identify(src) by extension 'python'
[7.722s] Level 1:colcon.colcon_core.package_identification:_identify(src) by extensions ['python_setup_py']
[7.722s] Level 1:colcon.colcon_core.package_identification:_identify(src) by extension 'python_setup_py'
[7.723s] Level 1:colcon.colcon_core.package_identification:_identify(src/kinect_integration) by extensions ['ignore', 'ignore_ament_install']
[7.723s] Level 1:colcon.colcon_core.package_identification:_identify(src/kinect_integration) by extension 'ignore'
[7.723s] Level 1:colcon.colcon_core.package_identification:_identify(src/kinect_integration) by extension 'ignore_ament_install'
[7.724s] Level 1:colcon.colcon_core.package_identification:_identify(src/kinect_integration) by extensions ['colcon_pkg']
[7.724s] Level 1:colcon.colcon_core.package_identification:_identify(src/kinect_integration) by extension 'colcon_pkg'
[7.724s] Level 1:colcon.colcon_core.package_identification:_identify(src/kinect_integration) by extensions ['colcon_meta']
[7.724s] Level 1:colcon.colcon_core.package_identification:_identify(src/kinect_integration) by extension 'colcon_meta'
[7.724s] Level 1:colcon.colcon_core.package_identification:_identify(src/kinect_integration) by extensions ['ros']
[7.724s] Level 1:colcon.colcon_core.package_identification:_identify(src/kinect_integration) by extension 'ros'
[7.747s] DEBUG:colcon.colcon_core.package_identification:Package 'src/kinect_integration' with type 'ros.ament_python' and name 'kinect_integration'
[7.748s] Level 1:colcon.colcon_core.package_discovery:discover_packages(recursive) using defaults
[7.748s] Level 1:colcon.colcon_core.package_discovery:discover_packages(ignore) discover
[7.748s] Level 1:colcon.colcon_core.package_discovery:discover_packages(ignore) using defaults
[7.748s] Level 1:colcon.colcon_core.package_discovery:discover_packages(path) discover
[7.749s] Level 1:colcon.colcon_core.package_discovery:discover_packages(path) using defaults
[9.125s] Level 1:colcon.colcon_core.package_discovery:discover_packages(prefix_path) check parameters
[9.126s] Level 1:colcon.colcon_core.package_discovery:discover_packages(prefix_path) discover
[9.154s] DEBUG:colcon.colcon_installed_package_information.package_discovery:Found 1 installed packages in /home/pi/ros2_ws/install
[9.160s] DEBUG:colcon.colcon_installed_package_information.package_discovery:Found 1 installed packages in /home/pi/ros2_kinect_ws/install
[9.176s] DEBUG:colcon.colcon_installed_package_information.package_discovery:Found 276 installed packages in /opt/ros/humble
[9.183s] Level 1:colcon.colcon_core.package_discovery:discover_packages(prefix_path) using defaults
[9.619s] Level 5:colcon.colcon_core.verb:set package 'kinect_integration' build argument 'cmake_args' from command line to 'None'
[9.620s] Level 5:colcon.colcon_core.verb:set package 'kinect_integration' build argument 'cmake_target' from command line to 'None'
[9.620s] Level 5:colcon.colcon_core.verb:set package 'kinect_integration' build argument 'cmake_target_skip_unavailable' from command line to 'False'
[9.620s] Level 5:colcon.colcon_core.verb:set package 'kinect_integration' build argument 'cmake_clean_cache' from command line to 'False'
[9.620s] Level 5:colcon.colcon_core.verb:set package 'kinect_integration' build argument 'cmake_clean_first' from command line to 'False'
[9.620s] Level 5:colcon.colcon_core.verb:set package 'kinect_integration' build argument 'cmake_force_configure' from command line to 'False'
[9.620s] Level 5:colcon.colcon_core.verb:set package 'kinect_integration' build argument 'ament_cmake_args' from command line to 'None'
[9.620s] Level 5:colcon.colcon_core.verb:set package 'kinect_integration' build argument 'catkin_cmake_args' from command line to 'None'
[9.620s] Level 5:colcon.colcon_core.verb:set package 'kinect_integration' build argument 'catkin_skip_building_tests' from command line to 'False'
[9.621s] DEBUG:colcon.colcon_core.verb:Building package 'kinect_integration' with the following arguments: {'ament_cmake_args': None, 'build_base': '/home/pi/ros2_ws/build/kinect_integration', 'catkin_cmake_args': None, 'catkin_skip_building_tests': False, 'cmake_args': None, 'cmake_clean_cache': False, 'cmake_clean_first': False, 'cmake_force_configure': False, 'cmake_target': None, 'cmake_target_skip_unavailable': False, 'install_base': '/home/pi/ros2_ws/install/kinect_integration', 'merge_install': False, 'path': '/home/pi/ros2_ws/src/kinect_integration', 'symlink_install': True, 'test_result_base': None}
[9.621s] INFO:colcon.colcon_core.executor:Executing jobs using 'parallel' executor
[9.624s] DEBUG:colcon.colcon_parallel_executor.executor.parallel:run_until_complete
[9.626s] INFO:colcon.colcon_ros.task.ament_python.build:Building ROS package in '/home/pi/ros2_ws/src/kinect_integration' with build type 'ament_python'
[9.626s] Level 1:colcon.colcon_core.shell:create_environment_hook('kinect_integration', 'ament_prefix_path')
[9.648s] INFO:colcon.colcon_core.plugin_system:Skipping extension 'colcon_core.shell.bat': Not used on non-Windows systems
[9.649s] INFO:colcon.colcon_core.shell:Creating environment hook '/home/pi/ros2_ws/install/kinect_integration/share/kinect_integration/hook/ament_prefix_path.ps1'
[9.655s] INFO:colcon.colcon_core.shell:Creating environment descriptor '/home/pi/ros2_ws/install/kinect_integration/share/kinect_integration/hook/ament_prefix_path.dsv'
[9.668s] INFO:colcon.colcon_core.shell:Creating environment hook '/home/pi/ros2_ws/install/kinect_integration/share/kinect_integration/hook/ament_prefix_path.sh'
[9.682s] INFO:colcon.colcon_core.shell:Skip shell extension 'powershell' for command environment: Not usable outside of PowerShell
[9.682s] DEBUG:colcon.colcon_core.shell:Skip shell extension 'dsv' for command environment
[11.883s] INFO:colcon.colcon_core.task.python.build:Building Python package in '/home/pi/ros2_ws/src/kinect_integration'
[11.884s] INFO:colcon.colcon_core.shell:Skip shell extension 'powershell' for command environment: Not usable outside of PowerShell
[11.884s] DEBUG:colcon.colcon_core.shell:Skip shell extension 'dsv' for command environment
[15.311s] DEBUG:colcon.colcon_core.event_handler.log_command:Invoking command in '/home/pi/ros2_ws/build/kinect_integration': PYTHONPATH=/home/pi/ros2_ws/build/kinect_integration/prefix_override:/usr/lib/python3/dist-packages/colcon_core/task/python/colcon_distutils_commands:/home/pi/ros2_ws/install/kinect_integration/lib/python3.10/site-packages:${PYTHONPATH} /usr/bin/python3 -W ignore:setup.py install is deprecated -W ignore:easy_install command is deprecated setup.py develop --editable --build-directory /home/pi/ros2_ws/build/kinect_integration/build --no-deps symlink_data
[17.583s] Level 1:colcon.colcon_core.shell:create_environment_hook('kinect_integration', 'pythonpath_develop')
[17.584s] INFO:colcon.colcon_core.shell:Creating environment hook '/home/pi/ros2_ws/build/kinect_integration/share/kinect_integration/hook/pythonpath_develop.ps1'
[17.586s] DEBUG:colcon.colcon_core.event_handler.log_command:Invoked command in '/home/pi/ros2_ws/build/kinect_integration' returned '0': PYTHONPATH=/home/pi/ros2_ws/build/kinect_integration/prefix_override:/usr/lib/python3/dist-packages/colcon_core/task/python/colcon_distutils_commands:/home/pi/ros2_ws/install/kinect_integration/lib/python3.10/site-packages:${PYTHONPATH} /usr/bin/python3 -W ignore:setup.py install is deprecated -W ignore:easy_install command is deprecated setup.py develop --editable --build-directory /home/pi/ros2_ws/build/kinect_integration/build --no-deps symlink_data
[17.590s] INFO:colcon.colcon_core.shell:Creating environment descriptor '/home/pi/ros2_ws/build/kinect_integration/share/kinect_integration/hook/pythonpath_develop.dsv'
[17.592s] INFO:colcon.colcon_core.shell:Creating environment hook '/home/pi/ros2_ws/build/kinect_integration/share/kinect_integration/hook/pythonpath_develop.sh'
[17.648s] Level 1:colcon.colcon_core.environment:checking '/home/pi/ros2_ws/install/kinect_integration' for CMake module files
[17.651s] Level 1:colcon.colcon_core.environment:checking '/home/pi/ros2_ws/install/kinect_integration' for CMake config files
[17.657s] Level 1:colcon.colcon_core.environment:checking '/home/pi/ros2_ws/install/kinect_integration/lib'
[17.658s] Level 1:colcon.colcon_core.environment:checking '/home/pi/ros2_ws/install/kinect_integration/bin'
[17.658s] Level 1:colcon.colcon_core.environment:checking '/home/pi/ros2_ws/install/kinect_integration/lib/pkgconfig/kinect_integration.pc'
[17.660s] Level 1:colcon.colcon_core.environment:checking '/home/pi/ros2_ws/install/kinect_integration/lib/python3.10/site-packages'
[17.660s] Level 1:colcon.colcon_core.shell:create_environment_hook('kinect_integration', 'pythonpath')
[17.661s] INFO:colcon.colcon_core.shell:Creating environment hook '/home/pi/ros2_ws/install/kinect_integration/share/kinect_integration/hook/pythonpath.ps1'
[17.664s] INFO:colcon.colcon_core.shell:Creating environment descriptor '/home/pi/ros2_ws/install/kinect_integration/share/kinect_integration/hook/pythonpath.dsv'
[17.665s] INFO:colcon.colcon_core.shell:Creating environment hook '/home/pi/ros2_ws/install/kinect_integration/share/kinect_integration/hook/pythonpath.sh'
[17.668s] Level 1:colcon.colcon_core.environment:checking '/home/pi/ros2_ws/install/kinect_integration/bin'
[17.669s] Level 1:colcon.colcon_core.environment:create_environment_scripts_only(kinect_integration)
[17.670s] INFO:colcon.colcon_core.shell:Creating package script '/home/pi/ros2_ws/install/kinect_integration/share/kinect_integration/package.ps1'
[17.697s] INFO:colcon.colcon_core.shell:Creating package descriptor '/home/pi/ros2_ws/install/kinect_integration/share/kinect_integration/package.dsv'
[17.717s] INFO:colcon.colcon_core.shell:Creating package script '/home/pi/ros2_ws/install/kinect_integration/share/kinect_integration/package.sh'
[17.737s] INFO:colcon.colcon_core.shell:Creating package script '/home/pi/ros2_ws/install/kinect_integration/share/kinect_integration/package.bash'
[17.767s] INFO:colcon.colcon_core.shell:Creating package script '/home/pi/ros2_ws/install/kinect_integration/share/kinect_integration/package.zsh'
[17.810s] Level 1:colcon.colcon_core.environment:create_file_with_runtime_dependencies(/home/pi/ros2_ws/install/kinect_integration/share/colcon-core/packages/kinect_integration)
[17.812s] DEBUG:colcon.colcon_parallel_executor.executor.parallel:closing loop
[17.814s] DEBUG:colcon.colcon_parallel_executor.executor.parallel:loop closed
[17.814s] DEBUG:colcon.colcon_parallel_executor.executor.parallel:run_until_complete finished with '0'
[17.815s] DEBUG:colcon.colcon_core.event_reactor:joining thread
[17.902s] INFO:colcon.colcon_core.plugin_system:Skipping extension 'colcon_notification.desktop_notification.terminal_notifier': Not used on non-Darwin systems
[17.902s] INFO:colcon.colcon_core.plugin_system:Skipping extension 'colcon_notification.desktop_notification.win32': Not used on non-Windows systems
[17.903s] INFO:colcon.colcon_notification.desktop_notification:Sending desktop notification using 'notify2'
[19.119s] DEBUG:colcon.colcon_core.event_reactor:joined thread
[19.121s] INFO:colcon.colcon_core.shell:Creating prefix script '/home/pi/ros2_ws/install/local_setup.ps1'
[19.127s] INFO:colcon.colcon_core.shell:Creating prefix util module '/home/pi/ros2_ws/install/_local_setup_util_ps1.py'
[19.164s] INFO:colcon.colcon_core.shell:Creating prefix chain script '/home/pi/ros2_ws/install/setup.ps1'
[19.176s] INFO:colcon.colcon_core.shell:Creating prefix script '/home/pi/ros2_ws/install/local_setup.sh'
[19.186s] INFO:colcon.colcon_core.shell:Creating prefix util module '/home/pi/ros2_ws/install/_local_setup_util_sh.py'
[19.190s] INFO:colcon.colcon_core.shell:Creating prefix chain script '/home/pi/ros2_ws/install/setup.sh'
[19.206s] INFO:colcon.colcon_core.shell:Creating prefix script '/home/pi/ros2_ws/install/local_setup.bash'
[19.214s] INFO:colcon.colcon_core.shell:Creating prefix chain script '/home/pi/ros2_ws/install/setup.bash'
[19.231s] INFO:colcon.colcon_core.shell:Creating prefix script '/home/pi/ros2_ws/install/local_setup.zsh'
[19.241s] INFO:colcon.colcon_core.shell:Creating prefix chain script '/home/pi/ros2_ws/install/setup.zsh'
