[2.777s] Invoking command in '/home/pi/ros2_ws/build/kinect_integration': PYTHONPATH=/home/pi/ros2_ws/build/kinect_integration/prefix_override:/usr/lib/python3/dist-packages/colcon_core/task/python/colcon_distutils_commands:/home/pi/ros2_ws/install/kinect_integration/lib/python3.10/site-packages:${PYTHONPATH} /usr/bin/python3 -W ignore:setup.py install is deprecated -W ignore:easy_install command is deprecated setup.py develop --editable --build-directory /home/pi/ros2_ws/build/kinect_integration/build --no-deps symlink_data
[3.940s] running develop
[4.661s] running egg_info
[4.661s] creating kinect_integration.egg-info
[4.662s] writing kinect_integration.egg-info/PKG-INFO
[4.663s] writing dependency_links to kinect_integration.egg-info/dependency_links.txt
[4.664s] writing entry points to kinect_integration.egg-info/entry_points.txt
[4.665s] writing requirements to kinect_integration.egg-info/requires.txt
[4.665s] writing top-level names to kinect_integration.egg-info/top_level.txt
[4.666s] writing manifest file 'kinect_integration.egg-info/SOURCES.txt'
[4.673s] reading manifest file 'kinect_integration.egg-info/SOURCES.txt'
[4.675s] writing manifest file 'kinect_integration.egg-info/SOURCES.txt'
[4.681s] running build_ext
[4.682s] Creating /home/pi/ros2_ws/install/kinect_integration/lib/python3.10/site-packages/kinect-integration.egg-link (link to .)
[4.685s] Installing kinect_yolo_node script to /home/pi/ros2_ws/install/kinect_integration/lib/kinect_integration
[4.687s] 
[4.687s] Installed /home/pi/ros2_ws/build/kinect_integration
[4.688s] running symlink_data
[4.688s] creating /home/pi/ros2_ws/install/kinect_integration/share/ament_index
[4.689s] creating /home/pi/ros2_ws/install/kinect_integration/share/ament_index/resource_index
[4.689s] creating /home/pi/ros2_ws/install/kinect_integration/share/ament_index/resource_index/packages
[4.690s] symbolically linking /home/pi/ros2_ws/build/kinect_integration/resource/kinect_integration -> /home/pi/ros2_ws/install/kinect_integration/share/ament_index/resource_index/packages
[4.690s] symbolically linking /home/pi/ros2_ws/build/kinect_integration/package.xml -> /home/pi/ros2_ws/install/kinect_integration/share/kinect_integration
[4.691s] creating /home/pi/ros2_ws/install/kinect_integration/share/kinect_integration/launch
[4.692s] symbolically linking /home/pi/ros2_ws/build/kinect_integration/launch/kinect_yolo_launch.py -> /home/pi/ros2_ws/install/kinect_integration/share/kinect_integration/launch
[4.821s] Invoked command in '/home/pi/ros2_ws/build/kinect_integration' returned '0': PYTHONPATH=/home/pi/ros2_ws/build/kinect_integration/prefix_override:/usr/lib/python3/dist-packages/colcon_core/task/python/colcon_distutils_commands:/home/pi/ros2_ws/install/kinect_integration/lib/python3.10/site-packages:${PYTHONPATH} /usr/bin/python3 -W ignore:setup.py install is deprecated -W ignore:easy_install command is deprecated setup.py develop --editable --build-directory /home/pi/ros2_ws/build/kinect_integration/build --no-deps symlink_data
