[0.435s] DEBUG:colcon:Command line arguments: ['/usr/bin/colcon', 'build', '--symlink-install']
[0.436s] DEBUG:colcon:Parsed command line arguments: Namespace(log_base=None, log_level=None, verb_name='build', build_base='build', install_base='install', merge_install=False, symlink_install=True, test_result_base=None, continue_on_error=False, executor='parallel', parallel_workers=4, event_handlers=None, ignore_user_meta=False, metas=['./colcon.meta'], base_paths=['.'], packages_ignore=None, packages_ignore_regex=None, paths=None, packages_up_to=None, packages_up_to_regex=None, packages_above=None, packages_above_and_dependencies=None, packages_above_depth=None, packages_select_by_dep=None, packages_skip_by_dep=None, packages_skip_up_to=None, packages_select_build_failed=False, packages_skip_build_finished=False, packages_select_test_failures=False, packages_skip_test_passed=False, packages_select=None, packages_skip=None, packages_select_regex=None, packages_skip_regex=None, packages_start=None, packages_end=None, allow_overriding=[], cmake_args=None, cmake_target=None, cmake_target_skip_unavailable=False, cmake_clean_cache=False, cmake_clean_first=False, cmake_force_configure=False, ament_cmake_args=None, catkin_cmake_args=None, catkin_skip_building_tests=False, verb_parser=<colcon_defaults.argument_parser.defaults.DefaultArgumentsDecorator object at 0xffffb0bbc0d0>, verb_extension=<colcon_core.verb.build.BuildVerb object at 0xffffb0cd5420>, main=<bound method BuildVerb.main of <colcon_core.verb.build.BuildVerb object at 0xffffb0cd5420>>)
[1.236s] Level 1:colcon.colcon_core.package_discovery:discover_packages(colcon_meta) check parameters
[1.237s] Level 1:colcon.colcon_core.package_discovery:discover_packages(recursive) check parameters
[1.237s] Level 1:colcon.colcon_core.package_discovery:discover_packages(ignore) check parameters
[1.237s] Level 1:colcon.colcon_core.package_discovery:discover_packages(path) check parameters
[1.237s] Level 1:colcon.colcon_core.package_discovery:discover_packages(colcon_meta) discover
[1.237s] Level 1:colcon.colcon_core.package_discovery:discover_packages(recursive) discover
[1.237s] INFO:colcon.colcon_core.package_discovery:Crawling recursively for packages in '/home/pi/ros2_ws'
[1.238s] Level 1:colcon.colcon_core.package_identification:_identify(.) by extensions ['ignore', 'ignore_ament_install']
[1.239s] Level 1:colcon.colcon_core.package_identification:_identify(.) by extension 'ignore'
[1.239s] Level 1:colcon.colcon_core.package_identification:_identify(.) by extension 'ignore_ament_install'
[1.239s] Level 1:colcon.colcon_core.package_identification:_identify(.) by extensions ['colcon_pkg']
[1.240s] Level 1:colcon.colcon_core.package_identification:_identify(.) by extension 'colcon_pkg'
[1.240s] Level 1:colcon.colcon_core.package_identification:_identify(.) by extensions ['colcon_meta']
[1.240s] Level 1:colcon.colcon_core.package_identification:_identify(.) by extension 'colcon_meta'
[1.240s] Level 1:colcon.colcon_core.package_identification:_identify(.) by extensions ['ros']
[1.240s] Level 1:colcon.colcon_core.package_identification:_identify(.) by extension 'ros'
[1.287s] Level 1:colcon.colcon_core.package_identification:_identify(.) by extensions ['cmake', 'python']
[1.287s] Level 1:colcon.colcon_core.package_identification:_identify(.) by extension 'cmake'
[1.287s] Level 1:colcon.colcon_core.package_identification:_identify(.) by extension 'python'
[1.288s] Level 1:colcon.colcon_core.package_identification:_identify(.) by extensions ['python_setup_py']
[1.288s] Level 1:colcon.colcon_core.package_identification:_identify(.) by extension 'python_setup_py'
[1.288s] Level 1:colcon.colcon_core.package_identification:_identify(build) by extensions ['ignore', 'ignore_ament_install']
[1.289s] Level 1:colcon.colcon_core.package_identification:_identify(build) by extension 'ignore'
[1.289s] Level 1:colcon.colcon_core.package_identification:_identify(build) ignored
[1.289s] Level 1:colcon.colcon_core.package_identification:_identify(install) by extensions ['ignore', 'ignore_ament_install']
[1.290s] Level 1:colcon.colcon_core.package_identification:_identify(install) by extension 'ignore'
[1.290s] Level 1:colcon.colcon_core.package_identification:_identify(install) ignored
[1.290s] Level 1:colcon.colcon_core.package_identification:_identify(log) by extensions ['ignore', 'ignore_ament_install']
[1.291s] Level 1:colcon.colcon_core.package_identification:_identify(log) by extension 'ignore'
[1.291s] Level 1:colcon.colcon_core.package_identification:_identify(log) ignored
[1.291s] Level 1:colcon.colcon_core.package_identification:_identify(src) by extensions ['ignore', 'ignore_ament_install']
[1.292s] Level 1:colcon.colcon_core.package_identification:_identify(src) by extension 'ignore'
[1.292s] Level 1:colcon.colcon_core.package_identification:_identify(src) by extension 'ignore_ament_install'
[1.292s] Level 1:colcon.colcon_core.package_identification:_identify(src) by extensions ['colcon_pkg']
[1.292s] Level 1:colcon.colcon_core.package_identification:_identify(src) by extension 'colcon_pkg'
[1.292s] Level 1:colcon.colcon_core.package_identification:_identify(src) by extensions ['colcon_meta']
[1.292s] Level 1:colcon.colcon_core.package_identification:_identify(src) by extension 'colcon_meta'
[1.293s] Level 1:colcon.colcon_core.package_identification:_identify(src) by extensions ['ros']
[1.293s] Level 1:colcon.colcon_core.package_identification:_identify(src) by extension 'ros'
[1.293s] Level 1:colcon.colcon_core.package_identification:_identify(src) by extensions ['cmake', 'python']
[1.293s] Level 1:colcon.colcon_core.package_identification:_identify(src) by extension 'cmake'
[1.293s] Level 1:colcon.colcon_core.package_identification:_identify(src) by extension 'python'
[1.294s] Level 1:colcon.colcon_core.package_identification:_identify(src) by extensions ['python_setup_py']
[1.294s] Level 1:colcon.colcon_core.package_identification:_identify(src) by extension 'python_setup_py'
[1.294s] Level 1:colcon.colcon_core.package_identification:_identify(src/kinect_integration) by extensions ['ignore', 'ignore_ament_install']
[1.295s] Level 1:colcon.colcon_core.package_identification:_identify(src/kinect_integration) by extension 'ignore'
[1.295s] Level 1:colcon.colcon_core.package_identification:_identify(src/kinect_integration) by extension 'ignore_ament_install'
[1.295s] Level 1:colcon.colcon_core.package_identification:_identify(src/kinect_integration) by extensions ['colcon_pkg']
[1.295s] Level 1:colcon.colcon_core.package_identification:_identify(src/kinect_integration) by extension 'colcon_pkg'
[1.295s] Level 1:colcon.colcon_core.package_identification:_identify(src/kinect_integration) by extensions ['colcon_meta']
[1.296s] Level 1:colcon.colcon_core.package_identification:_identify(src/kinect_integration) by extension 'colcon_meta'
[1.296s] Level 1:colcon.colcon_core.package_identification:_identify(src/kinect_integration) by extensions ['ros']
[1.296s] Level 1:colcon.colcon_core.package_identification:_identify(src/kinect_integration) by extension 'ros'
[1.304s] DEBUG:colcon.colcon_core.package_identification:Package 'src/kinect_integration' with type 'ros.ament_python' and name 'kinect_integration'
[1.304s] Level 1:colcon.colcon_core.package_discovery:discover_packages(recursive) using defaults
[1.305s] Level 1:colcon.colcon_core.package_discovery:discover_packages(ignore) discover
[1.305s] Level 1:colcon.colcon_core.package_discovery:discover_packages(ignore) using defaults
[1.305s] Level 1:colcon.colcon_core.package_discovery:discover_packages(path) discover
[1.305s] Level 1:colcon.colcon_core.package_discovery:discover_packages(path) using defaults
[1.382s] Level 1:colcon.colcon_core.package_discovery:discover_packages(prefix_path) check parameters
[1.382s] Level 1:colcon.colcon_core.package_discovery:discover_packages(prefix_path) discover
[1.390s] DEBUG:colcon.colcon_installed_package_information.package_discovery:Found 1 installed packages in /home/pi/ros2_ws/install
[1.392s] DEBUG:colcon.colcon_installed_package_information.package_discovery:Found 1 installed packages in /home/pi/ros2_kinect_ws/install
[1.401s] DEBUG:colcon.colcon_installed_package_information.package_discovery:Found 276 installed packages in /opt/ros/humble
[1.407s] Level 1:colcon.colcon_core.package_discovery:discover_packages(prefix_path) using defaults
[1.611s] Level 5:colcon.colcon_core.verb:set package 'kinect_integration' build argument 'cmake_args' from command line to 'None'
[1.612s] Level 5:colcon.colcon_core.verb:set package 'kinect_integration' build argument 'cmake_target' from command line to 'None'
[1.612s] Level 5:colcon.colcon_core.verb:set package 'kinect_integration' build argument 'cmake_target_skip_unavailable' from command line to 'False'
[1.612s] Level 5:colcon.colcon_core.verb:set package 'kinect_integration' build argument 'cmake_clean_cache' from command line to 'False'
[1.612s] Level 5:colcon.colcon_core.verb:set package 'kinect_integration' build argument 'cmake_clean_first' from command line to 'False'
[1.612s] Level 5:colcon.colcon_core.verb:set package 'kinect_integration' build argument 'cmake_force_configure' from command line to 'False'
[1.612s] Level 5:colcon.colcon_core.verb:set package 'kinect_integration' build argument 'ament_cmake_args' from command line to 'None'
[1.612s] Level 5:colcon.colcon_core.verb:set package 'kinect_integration' build argument 'catkin_cmake_args' from command line to 'None'
[1.613s] Level 5:colcon.colcon_core.verb:set package 'kinect_integration' build argument 'catkin_skip_building_tests' from command line to 'False'
[1.613s] DEBUG:colcon.colcon_core.verb:Building package 'kinect_integration' with the following arguments: {'ament_cmake_args': None, 'build_base': '/home/pi/ros2_ws/build/kinect_integration', 'catkin_cmake_args': None, 'catkin_skip_building_tests': False, 'cmake_args': None, 'cmake_clean_cache': False, 'cmake_clean_first': False, 'cmake_force_configure': False, 'cmake_target': None, 'cmake_target_skip_unavailable': False, 'install_base': '/home/pi/ros2_ws/install/kinect_integration', 'merge_install': False, 'path': '/home/pi/ros2_ws/src/kinect_integration', 'symlink_install': True, 'test_result_base': None}
[1.613s] INFO:colcon.colcon_core.executor:Executing jobs using 'parallel' executor
[1.617s] DEBUG:colcon.colcon_parallel_executor.executor.parallel:run_until_complete
[1.618s] INFO:colcon.colcon_ros.task.ament_python.build:Building ROS package in '/home/pi/ros2_ws/src/kinect_integration' with build type 'ament_python'
[1.618s] Level 1:colcon.colcon_core.shell:create_environment_hook('kinect_integration', 'ament_prefix_path')
[1.628s] INFO:colcon.colcon_core.plugin_system:Skipping extension 'colcon_core.shell.bat': Not used on non-Windows systems
[1.629s] INFO:colcon.colcon_core.shell:Creating environment hook '/home/pi/ros2_ws/install/kinect_integration/share/kinect_integration/hook/ament_prefix_path.ps1'
[1.632s] INFO:colcon.colcon_core.shell:Creating environment descriptor '/home/pi/ros2_ws/install/kinect_integration/share/kinect_integration/hook/ament_prefix_path.dsv'
[1.634s] INFO:colcon.colcon_core.shell:Creating environment hook '/home/pi/ros2_ws/install/kinect_integration/share/kinect_integration/hook/ament_prefix_path.sh'
[1.638s] INFO:colcon.colcon_core.shell:Skip shell extension 'powershell' for command environment: Not usable outside of PowerShell
[1.638s] DEBUG:colcon.colcon_core.shell:Skip shell extension 'dsv' for command environment
[2.838s] INFO:colcon.colcon_core.task.python.build:Building Python package in '/home/pi/ros2_ws/src/kinect_integration'
[2.839s] INFO:colcon.colcon_core.shell:Skip shell extension 'powershell' for command environment: Not usable outside of PowerShell
[2.839s] DEBUG:colcon.colcon_core.shell:Skip shell extension 'dsv' for command environment
[4.386s] DEBUG:colcon.colcon_core.event_handler.log_command:Invoking command in '/home/pi/ros2_ws/build/kinect_integration': PYTHONPATH=/home/pi/ros2_ws/build/kinect_integration/prefix_override:/usr/lib/python3/dist-packages/colcon_core/task/python/colcon_distutils_commands:/home/pi/ros2_ws/install/kinect_integration/lib/python3.10/site-packages:${PYTHONPATH} /usr/bin/python3 -W ignore:setup.py install is deprecated -W ignore:easy_install command is deprecated setup.py develop --editable --build-directory /home/pi/ros2_ws/build/kinect_integration/build --no-deps symlink_data
[6.524s] Level 1:colcon.colcon_core.shell:create_environment_hook('kinect_integration', 'pythonpath_develop')
[6.526s] INFO:colcon.colcon_core.shell:Creating environment hook '/home/pi/ros2_ws/build/kinect_integration/share/kinect_integration/hook/pythonpath_develop.ps1'
[6.527s] DEBUG:colcon.colcon_core.event_handler.log_command:Invoked command in '/home/pi/ros2_ws/build/kinect_integration' returned '0': PYTHONPATH=/home/pi/ros2_ws/build/kinect_integration/prefix_override:/usr/lib/python3/dist-packages/colcon_core/task/python/colcon_distutils_commands:/home/pi/ros2_ws/install/kinect_integration/lib/python3.10/site-packages:${PYTHONPATH} /usr/bin/python3 -W ignore:setup.py install is deprecated -W ignore:easy_install command is deprecated setup.py develop --editable --build-directory /home/pi/ros2_ws/build/kinect_integration/build --no-deps symlink_data
[6.529s] INFO:colcon.colcon_core.shell:Creating environment descriptor '/home/pi/ros2_ws/build/kinect_integration/share/kinect_integration/hook/pythonpath_develop.dsv'
[6.532s] INFO:colcon.colcon_core.shell:Creating environment hook '/home/pi/ros2_ws/build/kinect_integration/share/kinect_integration/hook/pythonpath_develop.sh'
[6.546s] Level 1:colcon.colcon_core.environment:checking '/home/pi/ros2_ws/install/kinect_integration' for CMake module files
[6.548s] Level 1:colcon.colcon_core.environment:checking '/home/pi/ros2_ws/install/kinect_integration' for CMake config files
[6.552s] Level 1:colcon.colcon_core.environment:checking '/home/pi/ros2_ws/install/kinect_integration/lib'
[6.553s] Level 1:colcon.colcon_core.environment:checking '/home/pi/ros2_ws/install/kinect_integration/bin'
[6.553s] Level 1:colcon.colcon_core.environment:checking '/home/pi/ros2_ws/install/kinect_integration/lib/pkgconfig/kinect_integration.pc'
[6.554s] Level 1:colcon.colcon_core.environment:checking '/home/pi/ros2_ws/install/kinect_integration/lib/python3.10/site-packages'
[6.554s] Level 1:colcon.colcon_core.shell:create_environment_hook('kinect_integration', 'pythonpath')
[6.555s] INFO:colcon.colcon_core.shell:Creating environment hook '/home/pi/ros2_ws/install/kinect_integration/share/kinect_integration/hook/pythonpath.ps1'
[6.558s] INFO:colcon.colcon_core.shell:Creating environment descriptor '/home/pi/ros2_ws/install/kinect_integration/share/kinect_integration/hook/pythonpath.dsv'
[6.560s] INFO:colcon.colcon_core.shell:Creating environment hook '/home/pi/ros2_ws/install/kinect_integration/share/kinect_integration/hook/pythonpath.sh'
[6.562s] Level 1:colcon.colcon_core.environment:checking '/home/pi/ros2_ws/install/kinect_integration/bin'
[6.563s] Level 1:colcon.colcon_core.environment:create_environment_scripts_only(kinect_integration)
[6.564s] INFO:colcon.colcon_core.shell:Creating package script '/home/pi/ros2_ws/install/kinect_integration/share/kinect_integration/package.ps1'
[6.568s] INFO:colcon.colcon_core.shell:Creating package descriptor '/home/pi/ros2_ws/install/kinect_integration/share/kinect_integration/package.dsv'
[6.571s] INFO:colcon.colcon_core.shell:Creating package script '/home/pi/ros2_ws/install/kinect_integration/share/kinect_integration/package.sh'
[6.575s] INFO:colcon.colcon_core.shell:Creating package script '/home/pi/ros2_ws/install/kinect_integration/share/kinect_integration/package.bash'
[6.578s] INFO:colcon.colcon_core.shell:Creating package script '/home/pi/ros2_ws/install/kinect_integration/share/kinect_integration/package.zsh'
[6.582s] Level 1:colcon.colcon_core.environment:create_file_with_runtime_dependencies(/home/pi/ros2_ws/install/kinect_integration/share/colcon-core/packages/kinect_integration)
[6.583s] DEBUG:colcon.colcon_parallel_executor.executor.parallel:closing loop
[6.584s] DEBUG:colcon.colcon_parallel_executor.executor.parallel:loop closed
[6.585s] DEBUG:colcon.colcon_parallel_executor.executor.parallel:run_until_complete finished with '0'
[6.585s] DEBUG:colcon.colcon_core.event_reactor:joining thread
[6.607s] INFO:colcon.colcon_core.plugin_system:Skipping extension 'colcon_notification.desktop_notification.terminal_notifier': Not used on non-Darwin systems
[6.608s] INFO:colcon.colcon_core.plugin_system:Skipping extension 'colcon_notification.desktop_notification.win32': Not used on non-Windows systems
[6.608s] INFO:colcon.colcon_notification.desktop_notification:Sending desktop notification using 'notify2'
[6.665s] DEBUG:colcon.colcon_core.event_reactor:joined thread
[6.666s] INFO:colcon.colcon_core.shell:Creating prefix script '/home/pi/ros2_ws/install/local_setup.ps1'
[6.671s] INFO:colcon.colcon_core.shell:Creating prefix util module '/home/pi/ros2_ws/install/_local_setup_util_ps1.py'
[6.679s] INFO:colcon.colcon_core.shell:Creating prefix chain script '/home/pi/ros2_ws/install/setup.ps1'
[6.684s] INFO:colcon.colcon_core.shell:Creating prefix script '/home/pi/ros2_ws/install/local_setup.sh'
[6.687s] INFO:colcon.colcon_core.shell:Creating prefix util module '/home/pi/ros2_ws/install/_local_setup_util_sh.py'
[6.690s] INFO:colcon.colcon_core.shell:Creating prefix chain script '/home/pi/ros2_ws/install/setup.sh'
[6.695s] INFO:colcon.colcon_core.shell:Creating prefix script '/home/pi/ros2_ws/install/local_setup.bash'
[6.697s] INFO:colcon.colcon_core.shell:Creating prefix chain script '/home/pi/ros2_ws/install/setup.bash'
[6.702s] INFO:colcon.colcon_core.shell:Creating prefix script '/home/pi/ros2_ws/install/local_setup.zsh'
[6.704s] INFO:colcon.colcon_core.shell:Creating prefix chain script '/home/pi/ros2_ws/install/setup.zsh'
